O O B-tell I-tell I-tell I-tell I-tell I-tell I-tell I-tell I-tell I-tell I-tell I-tell I-tell
B-guide I-guide I-guide I-guide I-guide I-guide I-guide I-guide I-guide I-guide
B-follow I-follow I-follow I-follow I-follow I-follow I-follow O
B-find I-find I-find I-find I-find I-find O B-find I-find O O B-follow I-follow
B-find I-find I-find I-find I-find I-find O B-take I-take I-take I-take I-take I-take I-take O O B-answer I-answer I-answer
O B-tell I-tell I-tell I-tell I-tell I-tell I-tell I-tell I-tell I-tell I-tell
B-tell I-tell I-tell I-tell I-tell I-tell I-tell I-tell I-tell I-tell I-tell O
B-take I-take I-take I-take I-take I-take I-take I-take I-take I-take I-take I-take I-take I-take
O O B-take I-take I-take I-take I-take I-take I-take I-take I-take I-take I-take I-take I-take I-take
B-greet I-greet I-greet I-greet I-greet I-greet I-greet I-greet
B-take I-take I-take I-take I-take I-take I-take I-take I-take I-take I-take I-take O
O B-tell I-tell I-tell I-tell I-tell I-tell I-tell I-tell I-tell I-tell I-tell I-tell I-tell
B-take I-take I-take I-take I-take I-take I-take I-take I-take I-take I-take I-take I-take O
B-guide I-guide I-guide I-guide I-guide I-guide I-guide I-guide I-guide O
B-find I-find I-find I-find I-find O B-find I-find I-find I-find I-find I-find I-find O O B-find I-find I-find
O O B-take I-take I-take I-take I-take I-take I-take I-take I-take I-take I-take I-take
O O B-know I-know I-know I-know I-know O O B-greet I-greet O
O O O B-take I-take I-take I-take I-take I-take I-take O B-find I-find I-find I-find I-find I-find O O B-follow I-follow
B-take I-take I-take I-take I-take I-take I-take I-take I-take I-take I-take I-take
B-tell I-tell I-tell I-tell I-tell I-tell I-tell I-tell
B-find I-find I-find I-find I-find I-find O
B-find I-find O B-guide I-guide I-guide I-guide I-guide I-guide O O B-answer I-answer I-answer O
B-take I-take I-take I-take I-take I-take I-take I-take I-take I-take I-take I-take
B-guide I-guide I-guide I-guide I-guide I-guide I-guide I-guide I-guide I-guide O
B-tell I-tell I-tell I-tell I-tell I-tell I-tell I-tell I-tell I-tell I-tell O
O O B-guide I-guide I-guide I-guide I-guide I-guide I-guide I-guide I-guide I-guide
B-tell I-tell I-tell I-tell I-tell I-tell I-tell I-tell I-tell I-tell I-tell I-tell I-tell O
O B-follow I-follow I-follow I-follow I-follow I-follow I-follow
B-take I-take I-take I-take I-take I-take I-take I-take I-take I-take I-take I-take O
B-go I-go I-go I-go I-go O B-find I-find O B-tell
B-find I-find I-find I-find I-find O B-find I-find O O B-answer I-answer I-answer O
B-greet I-greet I-greet I-greet I-greet I-greet I-greet I-greet I-greet
B-tell I-tell I-tell I-tell I-tell I-tell I-tell I-tell I-tell I-tell I-tell I-tell I-tell O
B-find I-find O B-guide I-guide I-guide I-guide I-guide I-guide O O B-tell I-tell I-tell I-tell
O O B-find I-find I-find I-find I-find O B-find I-find I-find I-find I-find I-find O O B-find I-find
B-tell I-tell I-tell I-tell I-tell I-tell I-tell I-tell I-tell I-tell I-tell I-tell O
B-tell I-tell I-tell I-tell I-tell I-tell I-tell I-tell I-tell I-tell I-tell I-tell I-tell
O O B-take I-take I-take I-take I-take I-take I-take I-take I-take I-take I-take I-take I-take I-take I-take
O O O B-take I-take I-take I-take I-take I-take I-take
O O B-greet I-greet I-greet I-greet I-greet I-greet I-greet I-greet
B-guide I-guide I-guide I-guide I-guide I-guide I-guide I-guide I-guide O
B-take I-take I-take I-take I-take I-take I-take I-take I-take I-take I-take I-take I-take I-take I-take I-take O
O O B-know I-know I-know I-know I-know I-know O O B-greet I-greet
O O O B-tell I-tell I-tell I-tell I-tell I-tell I-tell I-tell I-tell I-tell I-tell I-tell I-tell
B-take I-take I-take I-take I-take I-take I-take I-take I-take I-take I-take I-take I-take I-take I-take
B-find I-find I-find I-find I-find I-find I-find O
B-take I-take I-take I-take I-take I-take I-take I-take I-take I-take O
B-follow I-follow I-follow I-follow I-follow I-follow O
O O B-tell I-tell I-tell I-tell I-tell I-tell I-tell I-tell I-tell I-tell I-tell I-tell I-tell
B-take I-take I-take I-take I-take I-take I-take I-take I-take O
O B-tell I-tell I-tell I-tell I-tell I-tell I-tell I-tell I-tell I-tell I-tell I-tell I-tell
B-find I-find I-find I-find I-find I-find
O O B-greet I-greet I-greet I-greet I-greet I-greet I-greet
O O O O O B-know I-know I-know I-know I-know O O B-greet I-greet
O O B-find I-find O B-take I-take I-take I-take I-take O O B-tell I-tell I-tell I-tell
B-tell I-tell I-tell I-tell I-tell I-tell I-tell I-tell I-tell
O B-tell I-tell I-tell I-tell I-tell I-tell I-tell I-tell I-tell I-tell
O O B-tell I-tell I-tell I-tell I-tell I-tell I-tell I-tell I-tell I-tell I-tell
O O B-find I-find I-find I-find I-find I-find O O B-greet I-greet
B-take I-take I-take I-take I-take I-take I-take I-take I-take I-take I-take I-take O
O O B-guide I-guide I-guide I-guide I-guide I-guide I-guide I-guide I-guide I-guide
O B-go I-go I-go I-go O B-find I-find I-find O O B-guide I-guide
B-follow I-follow I-follow I-follow I-follow I-follow I-follow O
B-tell I-tell I-tell I-tell I-tell I-tell I-tell I-tell I-tell I-tell I-tell I-tell I-tell
B-greet I-greet I-greet I-greet I-greet I-greet I-greet O
B-take I-take I-take I-take I-take I-take I-take I-take I-take I-take I-take I-take I-take I-take I-take
B-tell I-tell I-tell I-tell I-tell I-tell I-tell I-tell O
B-go I-go I-go I-go O B-find I-find I-find I-find I-find I-find O O B-find I-find I-find I-find I-find O
B-take I-take I-take I-take I-take I-take I-take I-take
B-tell I-tell I-tell I-tell I-tell I-tell I-tell I-tell I-tell I-tell I-tell I-tell
O O O B-greet I-greet I-greet I-greet I-greet I-greet I-greet I-greet
B-tell I-tell I-tell I-tell I-tell I-tell I-tell I-tell I-tell O
B-tell I-tell I-tell I-tell I-tell I-tell I-tell I-tell I-tell I-tell
O B-find I-find I-find I-find I-find I-find I-find
B-take I-take I-take I-take I-take I-take I-take I-take I-take I-take
B-tell I-tell I-tell I-tell I-tell I-tell I-tell I-tell I-tell I-tell I-tell I-tell I-tell O
B-guide I-guide I-guide I-guide I-guide I-guide I-guide I-guide I-guide I-guide I-guide I-guide I-guide
O O O B-greet I-greet I-greet I-greet I-greet I-greet I-greet I-greet
O O O B-tell I-tell I-tell I-tell I-tell I-tell I-tell I-tell I-tell I-tell I-tell
B-take I-take I-take I-take I-take I-take I-take I-take I-take I-take I-take I-take I-take O
B-take I-take I-take I-take I-take I-take I-take O
B-guide I-guide I-guide I-guide I-guide I-guide I-guide I-guide I-guide I-guide O
B-follow I-follow I-follow I-follow I-follow I-follow I-follow O
O O B-find I-find O B-find I-find I-find I-find I-find I-find O O B-follow I-follow
B-tell I-tell I-tell I-tell I-tell I-tell I-tell I-tell I-tell
O O B-tell I-tell I-tell I-tell I-tell I-tell I-tell I-tell I-tell I-tell I-tell I-tell I-tell I-tell
B-tell I-tell I-tell I-tell I-tell I-tell I-tell I-tell I-tell O
O O O B-greet I-greet I-greet I-greet I-greet I-greet I-greet I-greet I-greet
B-tell I-tell I-tell I-tell I-tell I-tell I-tell I-tell I-tell I-tell I-tell I-tell I-tell
B-take I-take I-take I-take I-take I-take I-take I-take I-take I-take I-take I-take O
B-tell I-tell I-tell I-tell I-tell I-tell I-tell I-tell I-tell I-tell I-tell I-tell I-tell O
B-take I-take I-take I-take I-take I-take O
B-find I-find I-find I-find I-find I-find O O B-greet I-greet O
O O B-take I-take I-take I-take I-take I-take I-take I-take I-take I-take I-take
B-guide I-guide I-guide I-guide I-guide I-guide I-guide I-guide I-guide I-guide
B-guide I-guide I-guide I-guide I-guide I-guide I-guide I-guide I-guide I-guide
O O B-follow I-follow I-follow I-follow I-follow I-follow I-follow
O O O B-tell I-tell I-tell I-tell I-tell I-tell I-tell I-tell I-tell I-tell I-tell
B-take I-take I-take I-take I-take I-take I-take O B-take I-take I-take I-take I-take O
B-guide I-guide I-guide I-guide I-guide I-guide I-guide I-guide I-guide I-guide
