O O B-find I-find I-find O B-take I-take I-take I-take I-take I-take O O B-take I-take I-take I-take I-take
B-take I-take I-take O B-take I-take I-take I-take I-take I-take I-take O O B-take I-take I-take I-take I-take
B-take I-take I-take I-take I-take I-take I-take I-take I-take I-take I-take I-take I-take I-take I-take
O O B-take I-take I-take I-take I-take I-take I-take I-take I-take I-take I-take I-take I-take I-take I-take
O O B-follow B-guide I-guide I-guide I-guide I-guide I-guide I-guide I-guide I-guide I-guide
O B-take I-take I-take I-take I-take I-take I-take I-take I-take I-take I-take I-take
O O B-greet I-greet I-greet I-greet I-greet I-greet I-greet I-greet I-greet
O O B-take I-take I-take I-take I-take I-take I-take I-take I-take I-take
B-find I-find I-find I-find I-find O B-greet I-greet I-greet
O B-take I-take I-take I-take I-take I-take I-take I-take I-take I-take I-take I-take I-take I-take I-take
O B-greet I-greet I-greet I-greet I-greet I-greet I-greet I-greet I-greet I-greet I-greet I-greet
B-go I-go I-go I-go O B-find I-find I-find O O B-guide I-guide O
O O B-take I-take I-take I-take I-take I-take I-take I-take I-take I-take I-take I-take I-take I-take
B-find I-find I-find I-find I-find O B-greet I-greet I-greet O
B-find I-find I-find O B-find I-find I-find I-find I-find I-find I-find I-find O O B-find I-find I-find I-find I-find I-find I-find I-find O
O O B-find I-find I-find I-find I-find O B-find I-find I-find I-find I-find I-find O O B-find I-find I-find I-find
O O B-take I-take I-take I-take I-take I-take I-take I-take I-take I-take I-take I-take
O O B-take I-take I-take I-take I-take I-take I-take I-take I-take
O B-take I-take I-take I-take I-take I-take I-take I-take I-take I-take I-take
B-greet I-greet I-greet I-greet I-greet I-greet I-greet I-greet I-greet I-greet
B-greet I-greet I-greet I-greet I-greet I-greet I-greet I-greet I-greet I-greet I-greet I-greet O
B-guide I-guide I-guide I-guide I-guide I-guide I-guide I-guide I-guide I-guide O
B-take I-take I-take I-take I-take I-take O B-take I-take I-take I-take
O B-take I-take I-take I-take I-take I-take I-take O B-take I-take I-take I-take
O O B-take I-take I-take I-take I-take I-take O B-take I-take I-take I-take I-take I-take O O B-take I-take I-take I-take I-take
B-guide I-guide I-guide I-guide I-guide I-guide I-guide I-guide I-guide I-guide
B-go I-go I-go I-go O B-find I-find O O B-guide I-guide I-guide I-guide I-guide O
O O O B-take I-take I-take I-take I-take I-take I-take I-take I-take I-take I-take I-take I-take I-take I-take I-take
B-take I-take I-take I-take I-take I-take I-take I-take O B-take I-take I-take I-take I-take I-take I-take I-take I-take
B-take I-take I-take I-take I-take I-take I-take I-take I-take I-take I-take I-take I-take I-take I-take
B-take I-take I-take I-take I-take I-take O B-take I-take I-take I-take I-take I-take I-take O O B-take I-take I-take I-take I-take I-take I-take O
B-take I-take I-take I-take I-take O B-take I-take I-take I-take I-take I-take I-take O O B-take I-take I-take I-take I-take I-take O
B-find I-find I-find I-find I-find I-find I-find I-find O B-greet I-greet I-greet
O O B-take I-take I-take I-take I-take I-take I-take I-take I-take I-take I-take I-take I-take
B-take I-take I-take I-take I-take I-take I-take O B-take I-take I-take I-take I-take I-take O O B-take I-take I-take I-take I-take O
O O O B-take I-take I-take I-take I-take I-take I-take I-take I-take I-take I-take I-take
B-take I-take I-take I-take I-take I-take I-take I-take I-take I-take I-take I-take I-take I-take I-take O
B-go I-go I-go I-go I-go O B-find I-find I-find O O B-take I-take I-take I-take I-take I-take I-take O
B-go I-go I-go I-go I-go O B-find I-find I-find O O B-guide I-guide
O O B-take I-take I-take I-take I-take I-take I-take I-take I-take I-take I-take I-take I-take
B-find I-find O B-find I-find I-find I-find I-find I-find I-find O O B-follow I-follow I-follow
B-greet I-greet I-greet I-greet I-greet I-greet I-greet
B-follow B-guide I-guide I-guide I-guide I-guide I-guide I-guide I-guide I-guide O
O O B-find I-find I-find I-find I-find I-find O B-guide I-guide O O B-find I-find I-find I-find I-find
B-find I-find O B-find I-find I-find I-find I-find I-find O O B-follow I-follow I-follow O
B-take I-take I-take I-take I-take O B-take I-take I-take I-take I-take I-take I-take O O B-find I-find I-find I-find I-find I-find
B-find I-find I-find I-find I-find O B-find I-find I-find I-find I-find I-find O O B-guide I-guide
B-greet I-greet I-greet I-greet I-greet I-greet I-greet O
B-go I-go I-go I-go O B-find I-find O O B-guide I-guide I-guide I-guide I-guide
B-go I-go I-go I-go O B-find I-find O O B-follow I-follow O
O O B-take I-take I-take I-take I-take I-take O B-find I-find O O B-find I-find I-find I-find I-find I-find
B-take I-take I-take I-take I-take I-take I-take O B-find I-find I-find O O B-find I-find I-find I-find I-find I-find I-find I-find O
B-take I-take I-take I-take I-take O B-take I-take I-take I-take I-take O O B-find I-find O
B-go I-go I-go I-go I-go O B-find I-find I-find O B-find I-find I-find O
B-take I-take I-take I-take I-take I-take I-take I-take I-take I-take I-take I-take I-take I-take O
O O B-take I-take I-take I-take I-take I-take I-take I-take I-take I-take I-take I-take
O O O B-take I-take I-take I-take I-take I-take I-take I-take I-take I-take I-take I-take I-take I-take I-take
B-find I-find O B-follow I-follow O O B-find I-find I-find I-find I-find I-find
B-take I-take I-take I-take I-take I-take I-take I-take I-take I-take
B-follow B-guide I-guide I-guide I-guide I-guide I-guide I-guide I-guide I-guide I-guide
B-take I-take I-take I-take I-take I-take O B-find I-find I-find I-find I-find I-find O O B-find I-find I-find I-find I-find I-find I-find I-find O
O O B-take I-take I-take I-take I-take I-take I-take I-take I-take
B-take I-take I-take I-take I-take I-take I-take O
O B-take I-take I-take I-take I-take I-take
O O B-go I-go I-go I-go I-go O B-find I-find I-find O O B-take I-take I-take I-take
B-take I-take I-take I-take I-take I-take O B-find I-find I-find I-find I-find I-find O O B-guide I-guide I-guide I-guide I-guide I-guide
O O B-take I-take I-take I-take I-take I-take I-take I-take I-take I-take I-take I-take I-take
O O O B-find I-find I-find I-find I-find O B-take I-take I-take I-take I-take I-take O O B-find I-find I-find
O B-find I-find I-find O B-find I-find I-find I-find I-find O O B-guide I-guide I-guide I-guide I-guide
B-take I-take I-take I-take I-take I-take O B-take I-take I-take I-take I-take I-take I-take O O B-take I-take I-take I-take I-take I-take O
O O B-take I-take I-take I-take I-take I-take I-take I-take I-take I-take I-take I-take I-take I-take I-take
B-guide I-guide I-guide I-guide I-guide I-guide I-guide I-guide I-guide I-guide
O O B-greet I-greet I-greet I-greet I-greet I-greet I-greet I-greet
O O B-take I-take I-take I-take I-take I-take I-take I-take I-take I-take I-take I-take I-take
B-go I-go I-go I-go O B-find I-find O O B-guide I-guide
O O B-guide I-guide I-guide I-guide I-guide I-guide I-guide I-guide I-guide I-guide
O O B-find I-find I-find I-find I-find I-find I-find O B-greet I-greet I-greet
B-take I-take I-take I-take I-take I-take I-take I-take I-take I-take
B-find I-find O B-follow I-follow O O B-find I-find I-find I-find I-find I-find I-find O
B-take I-take I-take I-take I-take I-take I-take O B-take I-take I-take I-take I-take I-take O O B-find I-find I-find I-find I-find I-find I-find I-find O
O O O B-find I-find I-find I-find I-find I-find I-find O B-find I-find I-find O O B-take I-take I-take I-take I-take
B-take I-take I-take I-take I-take I-take O B-take I-take I-take I-take I-take I-take I-take O B-find I-find I-find
B-find I-find I-find O B-find I-find I-find I-find I-find I-find O O B-follow I-follow I-follow O
O B-take I-take I-take I-take I-take I-take I-take O B-take I-take I-take I-take I-take
B-go I-go I-go I-go I-go O B-find I-find O O B-guide I-guide
B-greet I-greet I-greet I-greet I-greet I-greet I-greet I-greet I-greet I-greet I-greet I-greet I-greet I-greet
B-follow B-guide I-guide I-guide I-guide I-guide I-guide I-guide I-guide I-guide I-guide I-guide I-guide
B-take I-take I-take I-take I-take I-take I-take I-take I-take I-take I-take I-take
O B-take I-take I-take I-take I-take I-take I-take I-take O B-take I-take I-take I-take I-take I-take I-take I-take
B-take I-take I-take I-take I-take I-take I-take O B-find I-find O O B-follow I-follow O
B-take I-take I-take I-take I-take I-take O B-take I-take I-take I-take I-take I-take O O B-find I-find I-find I-find I-find I-find
O O O B-take I-take I-take I-take I-take I-take I-take I-take I-take I-take I-take I-take I-take I-take I-take I-take
B-take I-take I-take I-take I-take I-take I-take I-take I-take I-take I-take
B-take I-take I-take I-take I-take I-take O B-take I-take I-take I-take
B-find I-find I-find I-find I-find O B-take I-take I-take I-take I-take O O B-take I-take I-take I-take I-take I-take
B-take I-take I-take I-take I-take I-take I-take I-take I-take I-take I-take I-take O
B-find I-find O B-guide I-guide I-guide I-guide I-guide I-guide O O B-take I-take I-take I-take I-take I-take I-take I-take O
B-find I-find I-find I-find I-find I-find I-find O B-greet I-greet I-greet
B-take I-take I-take I-take I-take I-take O B-take I-take I-take I-take I-take I-take I-take O O B-take I-take I-take I-take O
B-take I-take I-take I-take I-take O B-find I-find O O B-find I-find I-find I-find I-find I-find O